Analysis & Synthesis report for mini
Mon Aug 27 15:58:32 2018
Quartus Prime Version 16.1.0 Build 196 10/24/2016 SJ Lite Edition


---------------------
; Table of Contents ;
---------------------
  1. Legal Notice
  2. Analysis & Synthesis Summary
  3. Analysis & Synthesis Settings
  4. Parallel Compilation
  5. Analysis & Synthesis Source Files Read
  6. Analysis & Synthesis Resource Usage Summary
  7. Analysis & Synthesis Resource Utilization by Entity
  8. General Register Statistics
  9. Post-Synthesis Netlist Statistics for Top Partition
 10. Elapsed Time Per Partition
 11. Analysis & Synthesis Messages



----------------
; Legal Notice ;
----------------
Copyright (C) 2016  Intel Corporation. All rights reserved.
Your use of Intel Corporation's design tools, logic functions 
and other software and tools, and its AMPP partner logic 
functions, and any output files from any of the foregoing 
(including device programming or simulation files), and any 
associated documentation or information are expressly subject 
to the terms and conditions of the Intel Program License 
Subscription Agreement, the Intel Quartus Prime License Agreement,
the Intel MegaCore Function License Agreement, or other 
applicable license agreement, including, without limitation, 
that your use is for the sole purpose of programming logic 
devices manufactured by Intel and sold by Intel or its 
authorized distributors.  Please refer to the applicable 
agreement for further details.



+----------------------------------------------------------------------------------+
; Analysis & Synthesis Summary                                                     ;
+------------------------------------+---------------------------------------------+
; Analysis & Synthesis Status        ; Successful - Mon Aug 27 15:58:32 2018       ;
; Quartus Prime Version              ; 16.1.0 Build 196 10/24/2016 SJ Lite Edition ;
; Revision Name                      ; mini                                        ;
; Top-level Entity Name              ; mod24                                       ;
; Family                             ; Cyclone IV GX                               ;
; Total logic elements               ; 8                                           ;
;     Total combinational functions  ; 8                                           ;
;     Dedicated logic registers      ; 6                                           ;
; Total registers                    ; 6                                           ;
; Total pins                         ; 9                                           ;
; Total virtual pins                 ; 0                                           ;
; Total memory bits                  ; 0                                           ;
; Embedded Multiplier 9-bit elements ; 0                                           ;
; Total GXB Receiver Channel PCS     ; 0                                           ;
; Total GXB Receiver Channel PMA     ; 0                                           ;
; Total GXB Transmitter Channel PCS  ; 0                                           ;
; Total GXB Transmitter Channel PMA  ; 0                                           ;
; Total PLLs                         ; 0                                           ;
+------------------------------------+---------------------------------------------+


+----------------------------------------------------------------------------------------------------------------------+
; Analysis & Synthesis Settings                                                                                        ;
+----------------------------------------------------------------------------+--------------------+--------------------+
; Option                                                                     ; Setting            ; Default Value      ;
+----------------------------------------------------------------------------+--------------------+--------------------+
; Device                                                                     ; EP4CGX150DF31C7    ;                    ;
; Top-level entity name                                                      ; mod24              ; mini               ;
; Family name                                                                ; Cyclone IV GX      ; Cyclone V          ;
; Use smart compilation                                                      ; Off                ; Off                ;
; Enable parallel Assembler and TimeQuest Timing Analyzer during compilation ; On                 ; On                 ;
; Enable compact report table                                                ; Off                ; Off                ;
; Restructure Multiplexers                                                   ; Auto               ; Auto               ;
; Create Debugging Nodes for IP Cores                                        ; Off                ; Off                ;
; Preserve fewer node names                                                  ; On                 ; On                 ;
; OpenCore Plus hardware evaluation                                          ; Enable             ; Enable             ;
; Verilog Version                                                            ; Verilog_2001       ; Verilog_2001       ;
; VHDL Version                                                               ; VHDL_1993          ; VHDL_1993          ;
; State Machine Processing                                                   ; Auto               ; Auto               ;
; Safe State Machine                                                         ; Off                ; Off                ;
; Extract Verilog State Machines                                             ; On                 ; On                 ;
; Extract VHDL State Machines                                                ; On                 ; On                 ;
; Ignore Verilog initial constructs                                          ; Off                ; Off                ;
; Iteration limit for constant Verilog loops                                 ; 5000               ; 5000               ;
; Iteration limit for non-constant Verilog loops                             ; 250                ; 250                ;
; Add Pass-Through Logic to Inferred RAMs                                    ; On                 ; On                 ;
; Infer RAMs from Raw Logic                                                  ; On                 ; On                 ;
; Parallel Synthesis                                                         ; On                 ; On                 ;
; DSP Block Balancing                                                        ; Auto               ; Auto               ;
; NOT Gate Push-Back                                                         ; On                 ; On                 ;
; Power-Up Don't Care                                                        ; On                 ; On                 ;
; Remove Redundant Logic Cells                                               ; Off                ; Off                ;
; Remove Duplicate Registers                                                 ; On                 ; On                 ;
; Ignore CARRY Buffers                                                       ; Off                ; Off                ;
; Ignore CASCADE Buffers                                                     ; Off                ; Off                ;
; Ignore GLOBAL Buffers                                                      ; Off                ; Off                ;
; Ignore ROW GLOBAL Buffers                                                  ; Off                ; Off                ;
; Ignore LCELL Buffers                                                       ; Off                ; Off                ;
; Ignore SOFT Buffers                                                        ; On                 ; On                 ;
; Limit AHDL Integers to 32 Bits                                             ; Off                ; Off                ;
; Optimization Technique                                                     ; Balanced           ; Balanced           ;
; Carry Chain Length                                                         ; 70                 ; 70                 ;
; Auto Carry Chains                                                          ; On                 ; On                 ;
; Auto Open-Drain Pins                                                       ; On                 ; On                 ;
; Perform WYSIWYG Primitive Resynthesis                                      ; Off                ; Off                ;
; Auto ROM Replacement                                                       ; On                 ; On                 ;
; Auto RAM Replacement                                                       ; On                 ; On                 ;
; Auto DSP Block Replacement                                                 ; On                 ; On                 ;
; Auto Shift Register Replacement                                            ; Auto               ; Auto               ;
; Allow Shift Register Merging across Hierarchies                            ; Auto               ; Auto               ;
; Auto Clock Enable Replacement                                              ; On                 ; On                 ;
; Strict RAM Replacement                                                     ; Off                ; Off                ;
; Allow Synchronous Control Signals                                          ; On                 ; On                 ;
; Force Use of Synchronous Clear Signals                                     ; Off                ; Off                ;
; Auto RAM Block Balancing                                                   ; On                 ; On                 ;
; Auto RAM to Logic Cell Conversion                                          ; Off                ; Off                ;
; Auto Resource Sharing                                                      ; Off                ; Off                ;
; Allow Any RAM Size For Recognition                                         ; Off                ; Off                ;
; Allow Any ROM Size For Recognition                                         ; Off                ; Off                ;
; Allow Any Shift Register Size For Recognition                              ; Off                ; Off                ;
; Use LogicLock Constraints during Resource Balancing                        ; On                 ; On                 ;
; Ignore translate_off and synthesis_off directives                          ; Off                ; Off                ;
; Timing-Driven Synthesis                                                    ; On                 ; On                 ;
; Report Parameter Settings                                                  ; On                 ; On                 ;
; Report Source Assignments                                                  ; On                 ; On                 ;
; Report Connectivity Checks                                                 ; On                 ; On                 ;
; Ignore Maximum Fan-Out Assignments                                         ; Off                ; Off                ;
; Synchronization Register Chain Length                                      ; 2                  ; 2                  ;
; PowerPlay Power Optimization During Synthesis                              ; Normal compilation ; Normal compilation ;
; HDL message level                                                          ; Level2             ; Level2             ;
; Suppress Register Optimization Related Messages                            ; Off                ; Off                ;
; Number of Removed Registers Reported in Synthesis Report                   ; 5000               ; 5000               ;
; Number of Swept Nodes Reported in Synthesis Report                         ; 5000               ; 5000               ;
; Number of Inverted Registers Reported in Synthesis Report                  ; 100                ; 100                ;
; Clock MUX Protection                                                       ; On                 ; On                 ;
; Auto Gated Clock Conversion                                                ; Off                ; Off                ;
; Block Design Naming                                                        ; Auto               ; Auto               ;
; SDC constraint protection                                                  ; Off                ; Off                ;
; Synthesis Effort                                                           ; Auto               ; Auto               ;
; Shift Register Replacement - Allow Asynchronous Clear Signal               ; On                 ; On                 ;
; Pre-Mapping Resynthesis Optimization                                       ; Off                ; Off                ;
; Analysis & Synthesis Message Level                                         ; Medium             ; Medium             ;
; Disable Register Merging Across Hierarchies                                ; Auto               ; Auto               ;
; Resource Aware Inference For Block RAM                                     ; On                 ; On                 ;
+----------------------------------------------------------------------------+--------------------+--------------------+


+------------------------------------------+
; Parallel Compilation                     ;
+----------------------------+-------------+
; Processors                 ; Number      ;
+----------------------------+-------------+
; Number detected on machine ; 8           ;
; Maximum allowed            ; 4           ;
;                            ;             ;
; Average used               ; 1.00        ;
; Maximum used               ; 4           ;
;                            ;             ;
; Usage by Processor         ; % Time Used ;
;     Processor 1            ; 100.0%      ;
;     Processor 2            ;   0.0%      ;
;     Processors 3-4         ;   0.0%      ;
+----------------------------+-------------+


+------------------------------------------------------------------------------------------------------------------------------------+
; Analysis & Synthesis Source Files Read                                                                                             ;
+----------------------------------+-----------------+------------------------------------+--------------------------------+---------+
; File Name with User-Entered Path ; Used in Netlist ; File Type                          ; File Name with Absolute Path   ; Library ;
+----------------------------------+-----------------+------------------------------------+--------------------------------+---------+
; mod24.bdf                        ; yes             ; User Block Diagram/Schematic File  ; D:/Data/Quartus/mini/mod24.bdf ;         ;
; or_2.v                           ; yes             ; User Verilog HDL File              ; D:/Data/Quartus/mini/or_2.v    ;         ;
; mod3.bdf                         ; yes             ; User Block Diagram/Schematic File  ; D:/Data/Quartus/mini/mod3.bdf  ;         ;
; mod10.bdf                        ; yes             ; User Block Diagram/Schematic File  ; D:/Data/Quartus/mini/mod10.bdf ;         ;
; invert.v                         ; yes             ; User Verilog HDL File              ; D:/Data/Quartus/mini/invert.v  ;         ;
; and_2.v                          ; yes             ; User Verilog HDL File              ; D:/Data/Quartus/mini/and_2.v   ;         ;
; jkflip.v                         ; yes             ; User Verilog HDL File              ; D:/Data/Quartus/mini/jkflip.v  ;         ;
+----------------------------------+-----------------+------------------------------------+--------------------------------+---------+


+---------------------------------------------+
; Analysis & Synthesis Resource Usage Summary ;
+--------------------------+------------------+
; Resource                 ; Usage            ;
+--------------------------+------------------+
; I/O pins                 ; 9                ;
;                          ;                  ;
; DSP block 9-bit elements ; 0                ;
;                          ;                  ;
; Maximum fan-out node     ; J_K~input        ;
; Maximum fan-out          ; 6                ;
; Total fan-out            ; 51               ;
; Average fan-out          ; 1.59             ;
+--------------------------+------------------+


+----------------------------------------------------------------------------------------------------------------------------------------------------------------------------------------------------------------------------------+
; Analysis & Synthesis Resource Utilization by Entity                                                                                                                                                                              ;
+----------------------------+---------------------+---------------------------+-------------+--------------+---------+-----------+-----------+------+--------------+---------------------------------+-------------+--------------+
; Compilation Hierarchy Node ; Combinational ALUTs ; Dedicated Logic Registers ; Memory Bits ; DSP Elements ; DSP 9x9 ; DSP 18x18 ; DSP 36x36 ; Pins ; Virtual Pins ; Full Hierarchy Name             ; Entity Name ; Library Name ;
+----------------------------+---------------------+---------------------------+-------------+--------------+---------+-----------+-----------+------+--------------+---------------------------------+-------------+--------------+
; |mod24                     ; 8 (0)               ; 6 (0)                     ; 0           ; 0            ; 0       ; 0         ; 0         ; 9    ; 0            ; |mod24                          ; mod24       ; work         ;
;    |mod10:inst2|           ; 5 (0)               ; 4 (0)                     ; 0           ; 0            ; 0       ; 0         ; 0         ; 0    ; 0            ; |mod24|mod10:inst2              ; mod10       ; work         ;
;       |jkflip:inst7|       ; 1 (1)               ; 1 (1)                     ; 0           ; 0            ; 0       ; 0         ; 0         ; 0    ; 0            ; |mod24|mod10:inst2|jkflip:inst7 ; jkflip      ; work         ;
;       |jkflip:inst8|       ; 1 (1)               ; 1 (1)                     ; 0           ; 0            ; 0       ; 0         ; 0         ; 0    ; 0            ; |mod24|mod10:inst2|jkflip:inst8 ; jkflip      ; work         ;
;       |jkflip:inst9|       ; 1 (1)               ; 1 (1)                     ; 0           ; 0            ; 0       ; 0         ; 0         ; 0    ; 0            ; |mod24|mod10:inst2|jkflip:inst9 ; jkflip      ; work         ;
;       |jkflip:inst|        ; 1 (1)               ; 1 (1)                     ; 0           ; 0            ; 0       ; 0         ; 0         ; 0    ; 0            ; |mod24|mod10:inst2|jkflip:inst  ; jkflip      ; work         ;
;       |or_2:inst1|         ; 1 (1)               ; 0 (0)                     ; 0           ; 0            ; 0       ; 0         ; 0         ; 0    ; 0            ; |mod24|mod10:inst2|or_2:inst1   ; or_2        ; work         ;
;    |mod3:inst|             ; 2 (0)               ; 2 (0)                     ; 0           ; 0            ; 0       ; 0         ; 0         ; 0    ; 0            ; |mod24|mod3:inst                ; mod3        ; work         ;
;       |jkflip:inst7|       ; 1 (1)               ; 1 (1)                     ; 0           ; 0            ; 0       ; 0         ; 0         ; 0    ; 0            ; |mod24|mod3:inst|jkflip:inst7   ; jkflip      ; work         ;
;       |jkflip:inst|        ; 1 (1)               ; 1 (1)                     ; 0           ; 0            ; 0       ; 0         ; 0         ; 0    ; 0            ; |mod24|mod3:inst|jkflip:inst    ; jkflip      ; work         ;
;    |or_2:inst5|            ; 1 (1)               ; 0 (0)                     ; 0           ; 0            ; 0       ; 0         ; 0         ; 0    ; 0            ; |mod24|or_2:inst5               ; or_2        ; work         ;
+----------------------------+---------------------+---------------------------+-------------+--------------+---------+-----------+-----------+------+--------------+---------------------------------+-------------+--------------+
Note: For table entries with two numbers listed, the numbers in parentheses indicate the number of resources of the given type used by the specific entity alone. The numbers listed outside of parentheses indicate the total resources of the given type used by the specific entity and all of its sub-entities in the hierarchy.


+------------------------------------------------------+
; General Register Statistics                          ;
+----------------------------------------------+-------+
; Statistic                                    ; Value ;
+----------------------------------------------+-------+
; Total registers                              ; 6     ;
; Number of registers using Synchronous Clear  ; 0     ;
; Number of registers using Synchronous Load   ; 0     ;
; Number of registers using Asynchronous Clear ; 6     ;
; Number of registers using Asynchronous Load  ; 0     ;
; Number of registers using Clock Enable       ; 6     ;
; Number of registers using Preset             ; 0     ;
+----------------------------------------------+-------+


+-----------------------------------------------------+
; Post-Synthesis Netlist Statistics for Top Partition ;
+-----------------------+-----------------------------+
; Type                  ; Count                       ;
+-----------------------+-----------------------------+
; boundary_port         ; 9                           ;
; cycloneiii_ff         ; 6                           ;
;     ENA CLR           ; 6                           ;
; cycloneiii_lcell_comb ; 8                           ;
;     normal            ; 8                           ;
;         1 data inputs ; 6                           ;
;         3 data inputs ; 2                           ;
;                       ;                             ;
; Max LUT depth         ; 2.00                        ;
; Average LUT depth     ; 1.18                        ;
+-----------------------+-----------------------------+


+-------------------------------+
; Elapsed Time Per Partition    ;
+----------------+--------------+
; Partition Name ; Elapsed Time ;
+----------------+--------------+
; Top            ; 00:00:00     ;
+----------------+--------------+


+-------------------------------+
; Analysis & Synthesis Messages ;
+-------------------------------+
Info: *******************************************************************
Info: Running Quartus Prime Analysis & Synthesis
    Info: Version 16.1.0 Build 196 10/24/2016 SJ Lite Edition
    Info: Processing started: Mon Aug 27 15:58:17 2018
Info: Command: quartus_map --read_settings_files=on --write_settings_files=off mini -c mini
Warning (18236): Number of processors has not been specified which may cause overloading on shared machines.  Set the global assignment NUM_PARALLEL_PROCESSORS in your QSF to an appropriate value for best performance.
Info (20030): Parallel compilation is enabled and will use 4 of the 4 processors detected
Info (12021): Found 1 design units, including 1 entities, in source file mod24.bdf
    Info (12023): Found entity 1: mod24
Info (12021): Found 1 design units, including 1 entities, in source file or_2.v
    Info (12023): Found entity 1: or_2 File: D:/Data/Quartus/mini/or_2.v Line: 1
Info (12021): Found 1 design units, including 1 entities, in source file mod6.bdf
    Info (12023): Found entity 1: mod6
Info (12021): Found 1 design units, including 1 entities, in source file mod3.bdf
    Info (12023): Found entity 1: mod3
Info (12021): Found 1 design units, including 1 entities, in source file mod10.bdf
    Info (12023): Found entity 1: mod10
Info (12021): Found 1 design units, including 1 entities, in source file invert.v
    Info (12023): Found entity 1: invert File: D:/Data/Quartus/mini/invert.v Line: 1
Info (12021): Found 1 design units, including 1 entities, in source file and_2.v
    Info (12023): Found entity 1: and_2 File: D:/Data/Quartus/mini/and_2.v Line: 1
Info (12021): Found 1 design units, including 1 entities, in source file dflip.v
    Info (12023): Found entity 1: dflip File: D:/Data/Quartus/mini/dflip.v Line: 1
Info (12021): Found 1 design units, including 1 entities, in source file jkflip.v
    Info (12023): Found entity 1: jkflip File: D:/Data/Quartus/mini/jkflip.v Line: 1
Info (12021): Found 1 design units, including 1 entities, in source file decoder7seg.v
    Info (12023): Found entity 1: decoder7seg File: D:/Data/Quartus/mini/decoder7seg.v Line: 1
Info (12021): Found 1 design units, including 1 entities, in source file mod60.bdf
    Info (12023): Found entity 1: mod60
Info (12021): Found 1 design units, including 1 entities, in source file test60.bdf
    Info (12023): Found entity 1: test60
Info (12021): Found 1 design units, including 1 entities, in source file clock_clock.bdf
    Info (12023): Found entity 1: clock_clock
Info (12021): Found 1 design units, including 1 entities, in source file conut.v
    Info (12023): Found entity 1: conut File: D:/Data/Quartus/mini/conut.v Line: 1
Info (12021): Found 1 design units, including 1 entities, in source file testconut.bdf
    Info (12023): Found entity 1: testconut
Info (12127): Elaborating entity "mod24" for the top level hierarchy
Info (12128): Elaborating entity "mod10" for hierarchy "mod10:inst2"
Info (12128): Elaborating entity "jkflip" for hierarchy "mod10:inst2|jkflip:inst"
Info (12128): Elaborating entity "invert" for hierarchy "mod10:inst2|invert:inst11"
Info (12128): Elaborating entity "or_2" for hierarchy "mod10:inst2|or_2:inst1"
Info (12128): Elaborating entity "and_2" for hierarchy "mod10:inst2|and_2:inst15"
Info (12128): Elaborating entity "mod3" for hierarchy "mod3:inst"
Info (286030): Timing-Driven Synthesis is running
Info (16010): Generating hard_block partition "hard_block:auto_generated_inst"
    Info (16011): Adding 0 node(s), including 0 DDIO, 0 PLL, 0 transceiver and 0 LCELL
Info (21057): Implemented 17 device resources after synthesis - the final resource count might be different
    Info (21058): Implemented 3 input pins
    Info (21059): Implemented 6 output pins
    Info (21061): Implemented 8 logic cells
Info: Quartus Prime Analysis & Synthesis was successful. 0 errors, 1 warning
    Info: Peak virtual memory: 4875 megabytes
    Info: Processing ended: Mon Aug 27 15:58:32 2018
    Info: Elapsed time: 00:00:15
    Info: Total CPU time (on all processors): 00:00:35


